<?xml version="1.0" encoding="UTF-8"?>
<!-- Generated by org.testng.reporters.JUnitReportReporter -->
<testsuite hostname="KC-LP098" failures="0" tests="3" name="com.learning_TestNG.Learning_Enabled_Attribute" time="0.014" errors="0" timestamp="2024-01-20T13:25:48 IST" skipped="1">
  <testcase classname="com.learning_TestNG.Learning_Enabled_Attribute" name="loginTest" time="0.012"/>
  <system-out>
    <![CDATA[Executing Login Test case...!!!]]>
  </system-out>
  <testcase classname="com.learning_TestNG.Learning_Enabled_Attribute" name="searchTest" time="0.002"/>
  <system-out>
    <![CDATA[Executing Search Test case...!!!]]>
  </system-out>
  <testcase classname="com.learning_TestNG.Learning_Enabled_Attribute" name="registerTest">
    <skipped/>
  </testcase> <!-- registerTest -->
  <system-out/>
</testsuite> <!-- com.learning_TestNG.Learning_Enabled_Attribute -->
