<?xml version="1.0" encoding="UTF-8"?>
<!-- Generated by org.testng.reporters.JUnitReportReporter -->
<testsuite hostname="KC-LP098" failures="0" tests="1" name="com.learning_TestNG.Learning_Properties_File" time="20.134" errors="0" timestamp="2024-01-28T11:12:31 IST" skipped="0">
  <testcase classname="com.learning_TestNG.Learning_Properties_File" name="loginTest" time="20.134"/>
  <system-out/>
</testsuite> <!-- com.learning_TestNG.Learning_Properties_File -->
