<?xml version="1.0" encoding="UTF-8"?>
<!-- Generated by org.testng.reporters.JUnitReportReporter -->
<testsuite hostname="KC-LP098" failures="0" tests="2" name="com.testScripts.TC003_RemoveFromCart_Test" time="17.435" errors="0" timestamp="2024-01-26T09:57:27 IST" skipped="0">
  <testcase classname="com.testScripts.TC003_RemoveFromCart_Test" name="addToCart" time="9.175"/>
  <system-out>
    <![CDATA[Element is Present....]]>
  </system-out>
  <testcase classname="com.testScripts.TC003_RemoveFromCart_Test" name="removeFromCart" time="8.260"/>
  <system-out>
    <![CDATA[Element is Present....]]>
  </system-out>
</testsuite> <!-- com.testScripts.TC003_RemoveFromCart_Test -->
