<?xml version="1.0" encoding="UTF-8"?>
<!-- Generated by org.testng.reporters.JUnitReportReporter -->
<testsuite hostname="KC-LP098" failures="0" tests="3" name="com.learning_TestNG.First_TestNG_Class" time="0.016" errors="0" timestamp="2024-01-20T12:30:14 IST" skipped="0">
  <testcase classname="com.learning_TestNG.First_TestNG_Class" name="registerTest" time="0.001"/>
  <system-out>
    <![CDATA[Executing Login Test case...!!!]]>
  </system-out>
  <testcase classname="com.learning_TestNG.First_TestNG_Class" name="loginTest" time="0.013"/>
  <system-out>
    <![CDATA[Executing Login Test case...!!!]]>
  </system-out>
  <testcase classname="com.learning_TestNG.First_TestNG_Class" name="searchTest" time="0.002"/>
  <system-out>
    <![CDATA[Executing Search Test case...!!!]]>
  </system-out>
</testsuite> <!-- com.learning_TestNG.First_TestNG_Class -->
