<?xml version="1.0" encoding="UTF-8"?>
<!-- Generated by org.testng.reporters.JUnitReportReporter -->
<testsuite hostname="KC-LP098" failures="0" tests="2" name="com.learning_TestNG.Learning_Invocation_Count_Attribute2" time="25.889" errors="0" timestamp="2024-01-20T16:40:22 IST" skipped="0">
  <testcase classname="com.learning_TestNG.Learning_Invocation_Count_Attribute2" name="loginTest" time="15.382"/>
  <system-out/>
  <testcase classname="com.learning_TestNG.Learning_Invocation_Count_Attribute2" name="loginTest" time="10.507"/>
  <system-out/>
</testsuite> <!-- com.learning_TestNG.Learning_Invocation_Count_Attribute2 -->
