<?xml version="1.0" encoding="UTF-8"?>
<!-- Generated by org.testng.reporters.JUnitReportReporter -->
<testsuite hostname="KC-LP098" failures="0" tests="1" name="com.learning_TestNG.Learning_Excel_File" time="14.885" errors="0" timestamp="2024-01-28T13:05:16 IST" skipped="0">
  <testcase classname="com.learning_TestNG.Learning_Excel_File" name="registerTest" time="14.885"/>
  <system-out/>
</testsuite> <!-- com.learning_TestNG.Learning_Excel_File -->
