<?xml version="1.0" encoding="UTF-8"?>
<!-- Generated by org.testng.reporters.JUnitReportReporter -->
<testsuite hostname="KC-LP098" failures="0" tests="3" name="com.learning_TestNG.Learning_DataProvider" time="39.168" errors="0" timestamp="2024-01-27T14:05:47 IST" skipped="0">
  <testcase classname="com.learning_TestNG.Learning_DataProvider" name="loginTest" time="11.590"/>
  <system-out/>
  <testcase classname="com.learning_TestNG.Learning_DataProvider" name="loginTest" time="15.829"/>
  <system-out/>
  <testcase classname="com.learning_TestNG.Learning_DataProvider" name="loginTest" time="11.749"/>
  <system-out/>
</testsuite> <!-- com.learning_TestNG.Learning_DataProvider -->
