<?xml version="1.0" encoding="UTF-8"?>
<!-- Generated by org.testng.reporters.JUnitReportReporter -->
<testsuite hostname="KC-LP098" failures="0" tests="1" name="com.learning_TestNG.Learning_Extent_Reports" time="18.797" errors="0" timestamp="2024-02-03T13:06:31 IST" skipped="0">
  <testcase classname="com.learning_TestNG.Learning_Extent_Reports" name="loginTest" time="18.797"/>
  <system-out/>
</testsuite> <!-- com.learning_TestNG.Learning_Extent_Reports -->
