<?xml version="1.0" encoding="UTF-8"?>
<!-- Generated by org.testng.reporters.JUnitReportReporter -->
<testsuite hostname="KC-LP098" failures="0" tests="2" name="com.learning_TestNG.Learning_Invocation_Count_Attribute" time="17.661" errors="0" timestamp="2024-01-20T13:38:10 IST" skipped="0">
  <testcase classname="com.learning_TestNG.Learning_Invocation_Count_Attribute" name="loginTest" time="11.153"/>
  <system-out/>
  <testcase classname="com.learning_TestNG.Learning_Invocation_Count_Attribute" name="loginTest" time="6.508"/>
  <system-out/>
</testsuite> <!-- com.learning_TestNG.Learning_Invocation_Count_Attribute -->
