<?xml version="1.0" encoding="UTF-8"?>
<!-- Generated by org.testng.reporters.JUnitReportReporter -->
<testsuite hostname="KC-LP098" failures="0" tests="1" name="com.learning_TestNG.Learning_POM_Classes" time="41.084" errors="0" timestamp="2024-02-03T11:31:30 IST" skipped="0">
  <testcase classname="com.learning_TestNG.Learning_POM_Classes" name="loginTest" time="41.084"/>
  <system-out/>
</testsuite> <!-- com.learning_TestNG.Learning_POM_Classes -->
