<?xml version="1.0" encoding="UTF-8"?>
<!-- Generated by org.testng.reporters.JUnitReportReporter -->
<testsuite hostname="KC-LP098" failures="0" tests="3" name="com.learning_TestNG.Learning_Configuration_Annotation" time="0.012" errors="0" timestamp="2024-01-20T14:16:16 IST" skipped="0">
  <testcase classname="com.learning_TestNG.Learning_Configuration_Annotation" name="registerTest" time="0.008"/>
  <system-out>
    <![CDATA[Executing register Test case...!!!]]>
  </system-out>
  <testcase classname="com.learning_TestNG.Learning_Configuration_Annotation" name="loginTest" time="0.001"/>
  <system-out>
    <![CDATA[Executing Login Test case...!!!]]>
  </system-out>
  <testcase classname="com.learning_TestNG.Learning_Configuration_Annotation" name="searchTest" time="0.003"/>
  <system-out>
    <![CDATA[Executing Search Test case...!!!]]>
  </system-out>
</testsuite> <!-- com.learning_TestNG.Learning_Configuration_Annotation -->
