<?xml version="1.0" encoding="UTF-8"?>
<!-- Generated by org.testng.reporters.JUnitReportReporter -->
<testsuite hostname="KC-LP098" failures="0" tests="5" name="com.learning_TestNG.Learning_Parallel_Execution" time="75.573" errors="0" timestamp="2024-01-20T16:57:34 IST" skipped="0">
  <testcase classname="com.learning_TestNG.Learning_Parallel_Execution" name="loginTest" time="17.357"/>
  <system-out/>
  <testcase classname="com.learning_TestNG.Learning_Parallel_Execution" name="loginTest" time="17.490"/>
  <system-out/>
  <testcase classname="com.learning_TestNG.Learning_Parallel_Execution" name="loginTest" time="11.786"/>
  <system-out/>
  <testcase classname="com.learning_TestNG.Learning_Parallel_Execution" name="loginTest" time="17.358"/>
  <system-out/>
  <testcase classname="com.learning_TestNG.Learning_Parallel_Execution" name="loginTest" time="11.582"/>
  <system-out/>
</testsuite> <!-- com.learning_TestNG.Learning_Parallel_Execution -->
