<?xml version="1.0" encoding="UTF-8"?>
<!-- Generated by org.testng.reporters.JUnitReportReporter -->
<testsuite hostname="KC-LP098" failures="0" tests="10" name="com.learning_TestNG.Learning_DataProvide_2" time="139.833" errors="0" timestamp="2024-01-27T18:19:37 IST" skipped="0">
  <testcase classname="com.learning_TestNG.Learning_DataProvide_2" name="searchItems" time="8.434"/>
  <system-out/>
  <testcase classname="com.learning_TestNG.Learning_DataProvide_2" name="searchItems" time="10.262"/>
  <system-out/>
  <testcase classname="com.learning_TestNG.Learning_DataProvide_2" name="searchItems" time="8.665"/>
  <system-out/>
  <testcase classname="com.learning_TestNG.Learning_DataProvide_2" name="searchItems" time="8.490"/>
  <system-out/>
  <testcase classname="com.learning_TestNG.Learning_DataProvide_2" name="searchItems" time="16.182"/>
  <system-out/>
  <testcase classname="com.learning_TestNG.Learning_DataProvide_2" name="searchItems" time="8.909"/>
  <system-out/>
  <testcase classname="com.learning_TestNG.Learning_DataProvide_2" name="searchItems" time="23.383"/>
  <system-out/>
  <testcase classname="com.learning_TestNG.Learning_DataProvide_2" name="searchItems" time="31.388"/>
  <system-out/>
  <testcase classname="com.learning_TestNG.Learning_DataProvide_2" name="searchItems" time="11.795"/>
  <system-out/>
  <testcase classname="com.learning_TestNG.Learning_DataProvide_2" name="searchItems" time="12.325"/>
  <system-out/>
</testsuite> <!-- com.learning_TestNG.Learning_DataProvide_2 -->
