<?xml version="1.0" encoding="UTF-8"?>
<!-- Generated by org.testng.reporters.JUnitReportReporter -->
<testsuite hostname="KC-LP098" failures="0" tests="1" name="com.testScripts.TC001_Search_Test" time="7.441" errors="0" timestamp="2024-01-26T09:57:27 IST" skipped="0">
  <testcase classname="com.testScripts.TC001_Search_Test" name="searchTest" time="7.441"/>
  <system-out/>
</testsuite> <!-- com.testScripts.TC001_Search_Test -->
